  Armament.cpp
  main.cpp
D:\Visual Studio\ППиВС\laba-2.1\main.cpp(19,31): warning C4244: аргумент: преобразование "double" в "int", возможна потеря данных
D:\Visual Studio\ППиВС\laba-2.1\main.cpp(21,33): warning C4244: аргумент: преобразование "double" в "int", возможна потеря данных
D:\Visual Studio\ППиВС\laba-2.1\main.cpp(23,29): warning C4244: аргумент: преобразование "double" в "int", возможна потеря данных
D:\Visual Studio\ППиВС\laba-2.1\main.cpp(25,31): warning C4244: аргумент: преобразование "double" в "int", возможна потеря данных
D:\Visual Studio\ППиВС\laba-2.1\main.cpp(27,23): warning C4244: аргумент: преобразование "double" в "int", возможна потеря данных
D:\Visual Studio\ППиВС\laba-2.1\main.cpp(36,33): warning C4244: аргумент: преобразование "double" в "int", возможна потеря данных
D:\Visual Studio\ППиВС\laba-2.1\main.cpp(38,32): warning C4244: аргумент: преобразование "double" в "int", возможна потеря данных
D:\Visual Studio\ППиВС\laba-2.1\main.cpp(40,28): warning C4244: аргумент: преобразование "double" в "int", возможна потеря данных
D:\Visual Studio\ППиВС\laba-2.1\main.cpp(42,30): warning C4244: аргумент: преобразование "double" в "int", возможна потеря данных
D:\Visual Studio\ППиВС\laba-2.1\main.cpp(44,22): warning C4244: аргумент: преобразование "double" в "int", возможна потеря данных
D:\Visual Studio\ППиВС\laba-2.1\main.cpp(51,30): warning C4244: аргумент: преобразование "double" в "int", возможна потеря данных
D:\Visual Studio\ППиВС\laba-2.1\main.cpp(53,21): warning C4244: аргумент: преобразование "double" в "int", возможна потеря данных
D:\Visual Studio\ППиВС\laba-2.1\main.cpp(60,35): warning C4244: аргумент: преобразование "double" в "int", возможна потеря данных
D:\Visual Studio\ППиВС\laba-2.1\main.cpp(62,39): warning C4244: аргумент: преобразование "double" в "int", возможна потеря данных
D:\Visual Studio\ППиВС\laba-2.1\main.cpp(64,36): warning C4244: аргумент: преобразование "double" в "int", возможна потеря данных
D:\Visual Studio\ППиВС\laba-2.1\main.cpp(66,27): warning C4244: аргумент: преобразование "double" в "int", возможна потеря данных
D:\Visual Studio\ППиВС\laba-2.1\main.cpp(75,27): warning C4244: аргумент: преобразование "double" в "int", возможна потеря данных
D:\Visual Studio\ППиВС\laba-2.1\main.cpp(77,34): warning C4244: аргумент: преобразование "double" в "int", возможна потеря данных
D:\Visual Studio\ППиВС\laba-2.1\main.cpp(79,31): warning C4244: аргумент: преобразование "double" в "int", возможна потеря данных
D:\Visual Studio\ППиВС\laba-2.1\main.cpp(81,22): warning C4244: аргумент: преобразование "double" в "int", возможна потеря данных
D:\Visual Studio\ППиВС\laba-2.1\main.cpp(88,35): warning C4244: аргумент: преобразование "double" в "int", возможна потеря данных
D:\Visual Studio\ППиВС\laba-2.1\main.cpp(92,35): warning C4244: аргумент: преобразование "double" в "int", возможна потеря данных
D:\Visual Studio\ППиВС\laba-2.1\main.cpp(94,32): warning C4244: аргумент: преобразование "double" в "int", возможна потеря данных
D:\Visual Studio\ППиВС\laba-2.1\main.cpp(96,23): warning C4244: аргумент: преобразование "double" в "int", возможна потеря данных
D:\Visual Studio\ППиВС\laba-2.1\main.cpp(105,34): warning C4244: аргумент: преобразование "double" в "int", возможна потеря данных
D:\Visual Studio\ППиВС\laba-2.1\main.cpp(107,52): warning C4244: аргумент: преобразование "double" в "int", возможна потеря данных
D:\Visual Studio\ППиВС\laba-2.1\main.cpp(109,33): warning C4244: аргумент: преобразование "double" в "int", возможна потеря данных
D:\Visual Studio\ППиВС\laba-2.1\main.cpp(111,29): warning C4244: аргумент: преобразование "double" в "int", возможна потеря данных
D:\Visual Studio\ППиВС\laba-2.1\main.cpp(113,31): warning C4244: аргумент: преобразование "double" в "int", возможна потеря данных
D:\Visual Studio\ППиВС\laba-2.1\main.cpp(115,23): warning C4244: аргумент: преобразование "double" в "int", возможна потеря данных
  Создание кода...
  laba-2.1.vcxproj -> D:\Visual Studio\ППиВС\laba-2.1\Debug\laba-2.1.exe
